<?xml version="1.0" encoding="UTF-8"?>
<!-- Generated by org.testng.reporters.JUnitXMLReporter -->
<testsuite hostname="TrangPC" tests="4" failures="0" timestamp="13 Mar 2016 09:41:03 GMT" time="55.077" errors="0">
  <testcase name="@BeforeMethod setUp" time="0.0" classname="TestScript04">
    <failure type="org.openqa.selenium.WebDriverException" message="Failed to connect to binary FirefoxBinary(C:\Program Files (x86)\Mozilla Firefox\firefox.exe) on port 7055; process output follows: 
de.com to C:\Users\Trang\AppData\Local\Temp\anonymous521753653348361007webdriver-profile\extensions\fxdriver@googlecode.com
1457862017521	addons.xpi	DEBUG	Ignoring file entry whose name is not a valid add-on ID: C:\Users\Trang\AppData\Local\Temp\anonymous521753653348361007webdriver-profile\extensions\webdriver-staging
1457862017521	addons.xpi	INFO	SystemAddonInstallLocation directory is missing
1457862017523	addons.xpi	INFO	Mapping {972ce4c6-7e08-4474-a285-3208198ce6fd} to C:\Program Files (x86)\Mozilla Firefox\browser\extensions\{972ce4c6-7e08-4474-a285-3208198ce6fd}
1457862017523	addons.xpi	DEBUG	Skipping unavailable install location app-system-share
1457862017523	addons.xpi	DEBUG	Skipping unavailable install location app-system-local
1457862017524	addons.xpi	DEBUG	checkForChanges
1457862017524	addons.xpi	DEBUG	Loaded add-on state from prefs: {&amp;quot;app-profile&amp;quot;:{&amp;quot;fxdriver@googlecode.com&amp;quot;:{&amp;quot;d&amp;quot;:&amp;quot;C:\\Users\\Trang\\AppData\\Local\\Temp\\anonymous521753653348361007webdriver-profile\\extensions\\fxdriver@googlecode.com&amp;quot;,&amp;quot;e&amp;quot;:false,&amp;quot;v&amp;quot;:&amp;quot;2.40.0&amp;quot;,&amp;quot;st&amp;quot;:1457862011777,&amp;quot;mt&amp;quot;:1457862011448}},&amp;quot;app-global&amp;quot;:{&amp;quot;{972ce4c6-7e08-4474-a285-3208198ce6fd}&amp;quot;:{&amp;quot;d&amp;quot;:&amp;quot;C:\\Program Files (x86)\\Mozilla Firefox\\browser\\extensions\\{972ce4c6-7e08-4474-a285-3208198ce6fd}&amp;quot;,&amp;quot;e&amp;quot;:true,&amp;quot;v&amp;quot;:&amp;quot;44.0.2&amp;quot;,&amp;quot;st&amp;quot;:1456875582667,&amp;quot;mt&amp;quot;:1456875582542}}}
1457862017525	addons.xpi	DEBUG	Existing add-on fxdriver@googlecode.com in app-profile
1457862017526	addons.xpi	DEBUG	getModTime: Recursive scan of {972ce4c6-7e08-4474-a285-3208198ce6fd}
1457862017527	addons.xpi	DEBUG	Existing add-on {972ce4c6-7e08-4474-a285-3208198ce6fd} in app-global
1457862017527	addons.xpi	DEBUG	getInstallState changed: false, state: {&amp;quot;app-profile&amp;quot;:{&amp;quot;fxdriver@googlecode.com&amp;quot;:{&amp;quot;d&amp;quot;:&amp;quot;C:\\Users\\Trang\\AppData\\Local\\Temp\\anonymous521753653348361007webdriver-profile\\extensions\\fxdriver@googlecode.com&amp;quot;,&amp;quot;e&amp;quot;:false,&amp;quot;v&amp;quot;:&amp;quot;2.40.0&amp;quot;,&amp;quot;st&amp;quot;:1457862011777,&amp;quot;mt&amp;quot;:1457862011448}},&amp;quot;app-global&amp;quot;:{&amp;quot;{972ce4c6-7e08-4474-a285-3208198ce6fd}&amp;quot;:{&amp;quot;d&amp;quot;:&amp;quot;C:\\Program Files (x86)\\Mozilla Firefox\\browser\\extensions\\{972ce4c6-7e08-4474-a285-3208198ce6fd}&amp;quot;,&amp;quot;e&amp;quot;:true,&amp;quot;v&amp;quot;:&amp;quot;44.0.2&amp;quot;,&amp;quot;st&amp;quot;:1456875582667,&amp;quot;mt&amp;quot;:1456875582542}}}
1457862017528	addons.xpi	DEBUG	No changes found
1457862017536	addons.manager	DEBUG	Registering shutdown blocker for XPIProvider
1457862017537	addons.manager	DEBUG	Provider finished startup: XPIProvider
1457862017537	addons.manager	DEBUG	Starting provider: LightweightThemeManager
1457862017537	addons.manager	DEBUG	Registering shutdown blocker for LightweightThemeManager
1457862017537	addons.manager	DEBUG	Provider finished startup: LightweightThemeManager
1457862017538	addons.manager	DEBUG	Starting provider: GMPProvider
1457862017543	addons.manager	DEBUG	Registering shutdown blocker for GMPProvider
1457862017543	addons.manager	DEBUG	Provider finished startup: GMPProvider
1457862017543	addons.manager	DEBUG	Starting provider: PluginProvider
1457862017543	addons.manager	DEBUG	Registering shutdown blocker for PluginProvider
1457862017544	addons.manager	DEBUG	Provider finished startup: PluginProvider
1457862017544	addons.manager	DEBUG	Completed startup sequence
1457862017625	addons.xpi-utils	DEBUG	Starting async load of XPI database C:\Users\Trang\AppData\Local\Temp\anonymous521753653348361007webdriver-profile\extensions.json
*** Blocklist::_loadBlocklistFromFile: blocklist is disabled
1457862017780	addons.manager	DEBUG	Starting provider: &amp;lt;unnamed-provider&amp;gt;
1457862017780	addons.manager	DEBUG	Registering shutdown blocker for &amp;lt;unnamed-provider&amp;gt;
1457862017781	addons.manager	DEBUG	Provider finished startup: &amp;lt;unnamed-provider&amp;gt;
1457862017865	addons.xpi-utils	DEBUG	Async JSON file read took 0 MS
1457862017865	addons.xpi-utils	DEBUG	Finished async read of XPI database, parsing...
1457862017867	addons.xpi-utils	DEBUG	Successfully read XPI database
1457862017941	addons.manager	DEBUG	Starting provider: PreviousExperimentProvider
1457862017941	addons.manager	DEBUG	Registering shutdown blocker for PreviousExperimentProvider
1457862017941	addons.manager	DEBUG	Provider finished startup: PreviousExperimentProvider

Build info: version: &amp;apos;2.40.0&amp;apos;, revision: &amp;apos;fbe29a9&amp;apos;, time: &amp;apos;2014-02-19 20:55:11&amp;apos;
System info: host: &amp;apos;TrangPC&amp;apos;, ip: &amp;apos;192.168.1.29&amp;apos;, os.name: &amp;apos;Windows 8.1&amp;apos;, os.arch: &amp;apos;amd64&amp;apos;, os.version: &amp;apos;6.3&amp;apos;, java.version: &amp;apos;1.8.0_51&amp;apos;
Driver info: driver.version: FirefoxDriver">
      <![CDATA[org.openqa.selenium.WebDriverException: Failed to connect to binary FirefoxBinary(C:\Program Files (x86)\Mozilla Firefox\firefox.exe) on port 7055; process output follows: 
de.com to C:\Users\Trang\AppData\Local\Temp\anonymous521753653348361007webdriver-profile\extensions\fxdriver@googlecode.com
1457862017521	addons.xpi	DEBUG	Ignoring file entry whose name is not a valid add-on ID: C:\Users\Trang\AppData\Local\Temp\anonymous521753653348361007webdriver-profile\extensions\webdriver-staging
1457862017521	addons.xpi	INFO	SystemAddonInstallLocation directory is missing
1457862017523	addons.xpi	INFO	Mapping {972ce4c6-7e08-4474-a285-3208198ce6fd} to C:\Program Files (x86)\Mozilla Firefox\browser\extensions\{972ce4c6-7e08-4474-a285-3208198ce6fd}
1457862017523	addons.xpi	DEBUG	Skipping unavailable install location app-system-share
1457862017523	addons.xpi	DEBUG	Skipping unavailable install location app-system-local
1457862017524	addons.xpi	DEBUG	checkForChanges
1457862017524	addons.xpi	DEBUG	Loaded add-on state from prefs: {"app-profile":{"fxdriver@googlecode.com":{"d":"C:\\Users\\Trang\\AppData\\Local\\Temp\\anonymous521753653348361007webdriver-profile\\extensions\\fxdriver@googlecode.com","e":false,"v":"2.40.0","st":1457862011777,"mt":1457862011448}},"app-global":{"{972ce4c6-7e08-4474-a285-3208198ce6fd}":{"d":"C:\\Program Files (x86)\\Mozilla Firefox\\browser\\extensions\\{972ce4c6-7e08-4474-a285-3208198ce6fd}","e":true,"v":"44.0.2","st":1456875582667,"mt":1456875582542}}}
1457862017525	addons.xpi	DEBUG	Existing add-on fxdriver@googlecode.com in app-profile
1457862017526	addons.xpi	DEBUG	getModTime: Recursive scan of {972ce4c6-7e08-4474-a285-3208198ce6fd}
1457862017527	addons.xpi	DEBUG	Existing add-on {972ce4c6-7e08-4474-a285-3208198ce6fd} in app-global
1457862017527	addons.xpi	DEBUG	getInstallState changed: false, state: {"app-profile":{"fxdriver@googlecode.com":{"d":"C:\\Users\\Trang\\AppData\\Local\\Temp\\anonymous521753653348361007webdriver-profile\\extensions\\fxdriver@googlecode.com","e":false,"v":"2.40.0","st":1457862011777,"mt":1457862011448}},"app-global":{"{972ce4c6-7e08-4474-a285-3208198ce6fd}":{"d":"C:\\Program Files (x86)\\Mozilla Firefox\\browser\\extensions\\{972ce4c6-7e08-4474-a285-3208198ce6fd}","e":true,"v":"44.0.2","st":1456875582667,"mt":1456875582542}}}
1457862017528	addons.xpi	DEBUG	No changes found
1457862017536	addons.manager	DEBUG	Registering shutdown blocker for XPIProvider
1457862017537	addons.manager	DEBUG	Provider finished startup: XPIProvider
1457862017537	addons.manager	DEBUG	Starting provider: LightweightThemeManager
1457862017537	addons.manager	DEBUG	Registering shutdown blocker for LightweightThemeManager
1457862017537	addons.manager	DEBUG	Provider finished startup: LightweightThemeManager
1457862017538	addons.manager	DEBUG	Starting provider: GMPProvider
1457862017543	addons.manager	DEBUG	Registering shutdown blocker for GMPProvider
1457862017543	addons.manager	DEBUG	Provider finished startup: GMPProvider
1457862017543	addons.manager	DEBUG	Starting provider: PluginProvider
1457862017543	addons.manager	DEBUG	Registering shutdown blocker for PluginProvider
1457862017544	addons.manager	DEBUG	Provider finished startup: PluginProvider
1457862017544	addons.manager	DEBUG	Completed startup sequence
1457862017625	addons.xpi-utils	DEBUG	Starting async load of XPI database C:\Users\Trang\AppData\Local\Temp\anonymous521753653348361007webdriver-profile\extensions.json
*** Blocklist::_loadBlocklistFromFile: blocklist is disabled
1457862017780	addons.manager	DEBUG	Starting provider: <unnamed-provider>
1457862017780	addons.manager	DEBUG	Registering shutdown blocker for <unnamed-provider>
1457862017781	addons.manager	DEBUG	Provider finished startup: <unnamed-provider>
1457862017865	addons.xpi-utils	DEBUG	Async JSON file read took 0 MS
1457862017865	addons.xpi-utils	DEBUG	Finished async read of XPI database, parsing...
1457862017867	addons.xpi-utils	DEBUG	Successfully read XPI database
1457862017941	addons.manager	DEBUG	Starting provider: PreviousExperimentProvider
1457862017941	addons.manager	DEBUG	Registering shutdown blocker for PreviousExperimentProvider
1457862017941	addons.manager	DEBUG	Provider finished startup: PreviousExperimentProvider

Build info: version: '2.40.0', revision: 'fbe29a9', time: '2014-02-19 20:55:11'
System info: host: 'TrangPC', ip: '192.168.1.29', os.name: 'Windows 8.1', os.arch: 'amd64', os.version: '6.3', java.version: '1.8.0_51'
Driver info: driver.version: FirefoxDriver
	at org.openqa.selenium.firefox.internal.NewProfileExtensionConnection.start(NewProfileExtensionConnection.java:130)
	at org.openqa.selenium.firefox.FirefoxDriver.startClient(FirefoxDriver.java:247)
	at org.openqa.selenium.remote.RemoteWebDriver.<init>(RemoteWebDriver.java:112)
	at org.openqa.selenium.firefox.FirefoxDriver.<init>(FirefoxDriver.java:194)
	at org.openqa.selenium.firefox.FirefoxDriver.<init>(FirefoxDriver.java:187)
	at org.openqa.selenium.firefox.FirefoxDriver.<init>(FirefoxDriver.java:183)
	at TestScript04.setUp(TestScript04.java:30)
	at sun.reflect.NativeMethodAccessorImpl.invoke0(Native Method)
	at sun.reflect.NativeMethodAccessorImpl.invoke(Unknown Source)
	at sun.reflect.DelegatingMethodAccessorImpl.invoke(Unknown Source)
	at java.lang.reflect.Method.invoke(Unknown Source)
	at org.testng.internal.MethodInvocationHelper.invokeMethod(MethodInvocationHelper.java:86)
	at org.testng.internal.Invoker.invokeConfigurationMethod(Invoker.java:514)
	at org.testng.internal.Invoker.invokeConfigurations(Invoker.java:215)
	at org.testng.internal.Invoker.invokeMethod(Invoker.java:589)
	at org.testng.internal.Invoker.invokeTestMethod(Invoker.java:822)
	at org.testng.internal.Invoker.invokeTestMethods(Invoker.java:1130)
	at org.testng.internal.TestMethodWorker.invokeTestMethods(TestMethodWorker.java:129)
	at org.testng.internal.TestMethodWorker.run(TestMethodWorker.java:112)
	at org.testng.TestRunner.privateRun(TestRunner.java:782)
	at org.testng.TestRunner.run(TestRunner.java:632)
	at org.testng.SuiteRunner.runTest(SuiteRunner.java:366)
	at org.testng.SuiteRunner.runSequentially(SuiteRunner.java:361)
	at org.testng.SuiteRunner.privateRun(SuiteRunner.java:319)
	at org.testng.SuiteRunner.run(SuiteRunner.java:268)
	at org.testng.SuiteRunnerWorker.runSuite(SuiteRunnerWorker.java:52)
	at org.testng.SuiteRunnerWorker.run(SuiteRunnerWorker.java:86)
	at org.testng.TestNG.runSuitesSequentially(TestNG.java:1244)
	at org.testng.TestNG.runSuitesLocally(TestNG.java:1169)
	at org.testng.TestNG.run(TestNG.java:1064)
	at org.testng.remote.RemoteTestNG.run(RemoteTestNG.java:113)
	at org.testng.remote.RemoteTestNG.initAndRun(RemoteTestNG.java:206)
	at org.testng.remote.RemoteTestNG.main(RemoteTestNG.java:177)
Caused by: org.openqa.selenium.firefox.NotConnectedException: Unable to connect to host 127.0.0.1 on port 7055 after 45000 ms. Firefox console output:
de.com to C:\Users\Trang\AppData\Local\Temp\anonymous521753653348361007webdriver-profile\extensions\fxdriver@googlecode.com
1457862017521	addons.xpi	DEBUG	Ignoring file entry whose name is not a valid add-on ID: C:\Users\Trang\AppData\Local\Temp\anonymous521753653348361007webdriver-profile\extensions\webdriver-staging
1457862017521	addons.xpi	INFO	SystemAddonInstallLocation directory is missing
1457862017523	addons.xpi	INFO	Mapping {972ce4c6-7e08-4474-a285-3208198ce6fd} to C:\Program Files (x86)\Mozilla Firefox\browser\extensions\{972ce4c6-7e08-4474-a285-3208198ce6fd}
1457862017523	addons.xpi	DEBUG	Skipping unavailable install location app-system-share
1457862017523	addons.xpi	DEBUG	Skipping unavailable install location app-system-local
1457862017524	addons.xpi	DEBUG	checkForChanges
1457862017524	addons.xpi	DEBUG	Loaded add-on state from prefs: {"app-profile":{"fxdriver@googlecode.com":{"d":"C:\\Users\\Trang\\AppData\\Local\\Temp\\anonymous521753653348361007webdriver-profile\\extensions\\fxdriver@googlecode.com","e":false,"v":"2.40.0","st":1457862011777,"mt":1457862011448}},"app-global":{"{972ce4c6-7e08-4474-a285-3208198ce6fd}":{"d":"C:\\Program Files (x86)\\Mozilla Firefox\\browser\\extensions\\{972ce4c6-7e08-4474-a285-3208198ce6fd}","e":true,"v":"44.0.2","st":1456875582667,"mt":1456875582542}}}
1457862017525	addons.xpi	DEBUG	Existing add-on fxdriver@googlecode.com in app-profile
1457862017526	addons.xpi	DEBUG	getModTime: Recursive scan of {972ce4c6-7e08-4474-a285-3208198ce6fd}
1457862017527	addons.xpi	DEBUG	Existing add-on {972ce4c6-7e08-4474-a285-3208198ce6fd} in app-global
1457862017527	addons.xpi	DEBUG	getInstallState changed: false, state: {"app-profile":{"fxdriver@googlecode.com":{"d":"C:\\Users\\Trang\\AppData\\Local\\Temp\\anonymous521753653348361007webdriver-profile\\extensions\\fxdriver@googlecode.com","e":false,"v":"2.40.0","st":1457862011777,"mt":1457862011448}},"app-global":{"{972ce4c6-7e08-4474-a285-3208198ce6fd}":{"d":"C:\\Program Files (x86)\\Mozilla Firefox\\browser\\extensions\\{972ce4c6-7e08-4474-a285-3208198ce6fd}","e":true,"v":"44.0.2","st":1456875582667,"mt":1456875582542}}}
1457862017528	addons.xpi	DEBUG	No changes found
1457862017536	addons.manager	DEBUG	Registering shutdown blocker for XPIProvider
1457862017537	addons.manager	DEBUG	Provider finished startup: XPIProvider
1457862017537	addons.manager	DEBUG	Starting provider: LightweightThemeManager
1457862017537	addons.manager	DEBUG	Registering shutdown blocker for LightweightThemeManager
1457862017537	addons.manager	DEBUG	Provider finished startup: LightweightThemeManager
1457862017538	addons.manager	DEBUG	Starting provider: GMPProvider
1457862017543	addons.manager	DEBUG	Registering shutdown blocker for GMPProvider
1457862017543	addons.manager	DEBUG	Provider finished startup: GMPProvider
1457862017543	addons.manager	DEBUG	Starting provider: PluginProvider
1457862017543	addons.manager	DEBUG	Registering shutdown blocker for PluginProvider
1457862017544	addons.manager	DEBUG	Provider finished startup: PluginProvider
1457862017544	addons.manager	DEBUG	Completed startup sequence
1457862017625	addons.xpi-utils	DEBUG	Starting async load of XPI database C:\Users\Trang\AppData\Local\Temp\anonymous521753653348361007webdriver-profile\extensions.json
*** Blocklist::_loadBlocklistFromFile: blocklist is disabled
1457862017780	addons.manager	DEBUG	Starting provider: <unnamed-provider>
1457862017780	addons.manager	DEBUG	Registering shutdown blocker for <unnamed-provider>
1457862017781	addons.manager	DEBUG	Provider finished startup: <unnamed-provider>
1457862017865	addons.xpi-utils	DEBUG	Async JSON file read took 0 MS
1457862017865	addons.xpi-utils	DEBUG	Finished async read of XPI database, parsing...
1457862017867	addons.xpi-utils	DEBUG	Successfully read XPI database
1457862017941	addons.manager	DEBUG	Starting provider: PreviousExperimentProvider
1457862017941	addons.manager	DEBUG	Registering shutdown blocker for PreviousExperimentProvider
1457862017941	addons.manager	DEBUG	Provider finished startup: PreviousExperimentProvider

	at org.openqa.selenium.firefox.internal.NewProfileExtensionConnection.start(NewProfileExtensionConnection.java:118)
	... 32 more
]]>
    </failure>
  </testcase> <!-- @BeforeMethod setUp -->
  <testcase name="@AfterMethod tearDown" time="0.0" classname="TestScript04">
    <skipped/>
  </testcase> <!-- @AfterMethod tearDown -->
  <testcase name="@BeforeMethod setUp" time="0.0" classname="TestScript04">
    <skipped/>
  </testcase> <!-- @BeforeMethod setUp -->
  <testcase name="@AfterMethod tearDown" time="0.0" classname="TestScript04">
    <skipped/>
  </testcase> <!-- @AfterMethod tearDown -->
  <testcase name="@BeforeMethod setUp" time="0.0" classname="TestScript04">
    <skipped/>
  </testcase> <!-- @BeforeMethod setUp -->
  <testcase name="@AfterMethod tearDown" time="0.0" classname="TestScript04">
    <skipped/>
  </testcase> <!-- @AfterMethod tearDown -->
  <testcase name="@BeforeMethod setUp" time="0.0" classname="TestScript04">
    <skipped/>
  </testcase> <!-- @BeforeMethod setUp -->
  <testcase name="@AfterMethod tearDown" time="0.0" classname="TestScript04">
    <skipped/>
  </testcase> <!-- @AfterMethod tearDown -->
  <testcase name="testCase04" time="0.0" classname="TestScript04">
    <skipped/>
  </testcase> <!-- testCase04 -->
  <testcase name="testCase04" time="0.016" classname="TestScript04">
    <skipped/>
  </testcase> <!-- testCase04 -->
  <testcase name="testCase04" time="0.0" classname="TestScript04">
    <skipped/>
  </testcase> <!-- testCase04 -->
  <testcase name="testCase04" time="0.0" classname="TestScript04">
    <skipped/>
  </testcase> <!-- testCase04 -->
</testsuite>
