<?xml version="1.0" encoding="UTF-8"?>
<testng-results skipped="4" failed="0" total="4" passed="0">
  <reporter-output>
  </reporter-output>
  <suite name="Default suite" duration-ms="55077" started-at="2016-03-13T09:40:08Z" finished-at="2016-03-13T09:41:03Z">
    <groups>
    </groups>
    <test name="Default test" duration-ms="55077" started-at="2016-03-13T09:40:08Z" finished-at="2016-03-13T09:41:03Z">
      <class name="TestScript04">
        <test-method status="FAIL" signature="setUp()[pri:0, instance:TestScript04@7dc36524]" name="setUp" is-config="true" duration-ms="0" started-at="2016-03-13T16:40:08Z" finished-at="2016-03-13T16:40:08Z">
          <exception class="org.openqa.selenium.WebDriverException">
            <message>
              <![CDATA[Failed to connect to binary FirefoxBinary(C:\Program Files (x86)\Mozilla Firefox\firefox.exe) on port 7055; process output follows: 
de.com to C:\Users\Trang\AppData\Local\Temp\anonymous521753653348361007webdriver-profile\extensions\fxdriver@googlecode.com
1457862017521	addons.xpi	DEBUG	Ignoring file entry whose name is not a valid add-on ID: C:\Users\Trang\AppData\Local\Temp\anonymous521753653348361007webdriver-profile\extensions\webdriver-staging
1457862017521	addons.xpi	INFO	SystemAddonInstallLocation directory is missing
1457862017523	addons.xpi	INFO	Mapping {972ce4c6-7e08-4474-a285-3208198ce6fd} to C:\Program Files (x86)\Mozilla Firefox\browser\extensions\{972ce4c6-7e08-4474-a285-3208198ce6fd}
1457862017523	addons.xpi	DEBUG	Skipping unavailable install location app-system-share
1457862017523	addons.xpi	DEBUG	Skipping unavailable install location app-system-local
1457862017524	addons.xpi	DEBUG	checkForChanges
1457862017524	addons.xpi	DEBUG	Loaded add-on state from prefs: {"app-profile":{"fxdriver@googlecode.com":{"d":"C:\\Users\\Trang\\AppData\\Local\\Temp\\anonymous521753653348361007webdriver-profile\\extensions\\fxdriver@googlecode.com","e":false,"v":"2.40.0","st":1457862011777,"mt":1457862011448}},"app-global":{"{972ce4c6-7e08-4474-a285-3208198ce6fd}":{"d":"C:\\Program Files (x86)\\Mozilla Firefox\\browser\\extensions\\{972ce4c6-7e08-4474-a285-3208198ce6fd}","e":true,"v":"44.0.2","st":1456875582667,"mt":1456875582542}}}
1457862017525	addons.xpi	DEBUG	Existing add-on fxdriver@googlecode.com in app-profile
1457862017526	addons.xpi	DEBUG	getModTime: Recursive scan of {972ce4c6-7e08-4474-a285-3208198ce6fd}
1457862017527	addons.xpi	DEBUG	Existing add-on {972ce4c6-7e08-4474-a285-3208198ce6fd} in app-global
1457862017527	addons.xpi	DEBUG	getInstallState changed: false, state: {"app-profile":{"fxdriver@googlecode.com":{"d":"C:\\Users\\Trang\\AppData\\Local\\Temp\\anonymous521753653348361007webdriver-profile\\extensions\\fxdriver@googlecode.com","e":false,"v":"2.40.0","st":1457862011777,"mt":1457862011448}},"app-global":{"{972ce4c6-7e08-4474-a285-3208198ce6fd}":{"d":"C:\\Program Files (x86)\\Mozilla Firefox\\browser\\extensions\\{972ce4c6-7e08-4474-a285-3208198ce6fd}","e":true,"v":"44.0.2","st":1456875582667,"mt":1456875582542}}}
1457862017528	addons.xpi	DEBUG	No changes found
1457862017536	addons.manager	DEBUG	Registering shutdown blocker for XPIProvider
1457862017537	addons.manager	DEBUG	Provider finished startup: XPIProvider
1457862017537	addons.manager	DEBUG	Starting provider: LightweightThemeManager
1457862017537	addons.manager	DEBUG	Registering shutdown blocker for LightweightThemeManager
1457862017537	addons.manager	DEBUG	Provider finished startup: LightweightThemeManager
1457862017538	addons.manager	DEBUG	Starting provider: GMPProvider
1457862017543	addons.manager	DEBUG	Registering shutdown blocker for GMPProvider
1457862017543	addons.manager	DEBUG	Provider finished startup: GMPProvider
1457862017543	addons.manager	DEBUG	Starting provider: PluginProvider
1457862017543	addons.manager	DEBUG	Registering shutdown blocker for PluginProvider
1457862017544	addons.manager	DEBUG	Provider finished startup: PluginProvider
1457862017544	addons.manager	DEBUG	Completed startup sequence
1457862017625	addons.xpi-utils	DEBUG	Starting async load of XPI database C:\Users\Trang\AppData\Local\Temp\anonymous521753653348361007webdriver-profile\extensions.json
*** Blocklist::_loadBlocklistFromFile: blocklist is disabled
1457862017780	addons.manager	DEBUG	Starting provider: <unnamed-provider>
1457862017780	addons.manager	DEBUG	Registering shutdown blocker for <unnamed-provider>
1457862017781	addons.manager	DEBUG	Provider finished startup: <unnamed-provider>
1457862017865	addons.xpi-utils	DEBUG	Async JSON file read took 0 MS
1457862017865	addons.xpi-utils	DEBUG	Finished async read of XPI database, parsing...
1457862017867	addons.xpi-utils	DEBUG	Successfully read XPI database
1457862017941	addons.manager	DEBUG	Starting provider: PreviousExperimentProvider
1457862017941	addons.manager	DEBUG	Registering shutdown blocker for PreviousExperimentProvider
1457862017941	addons.manager	DEBUG	Provider finished startup: PreviousExperimentProvider

Build info: version: '2.40.0', revision: 'fbe29a9', time: '2014-02-19 20:55:11'
System info: host: 'TrangPC', ip: '192.168.1.29', os.name: 'Windows 8.1', os.arch: 'amd64', os.version: '6.3', java.version: '1.8.0_51'
Driver info: driver.version: FirefoxDriver]]>
            </message>
            <full-stacktrace>
              <![CDATA[org.openqa.selenium.WebDriverException: Failed to connect to binary FirefoxBinary(C:\Program Files (x86)\Mozilla Firefox\firefox.exe) on port 7055; process output follows: 
de.com to C:\Users\Trang\AppData\Local\Temp\anonymous521753653348361007webdriver-profile\extensions\fxdriver@googlecode.com
1457862017521	addons.xpi	DEBUG	Ignoring file entry whose name is not a valid add-on ID: C:\Users\Trang\AppData\Local\Temp\anonymous521753653348361007webdriver-profile\extensions\webdriver-staging
1457862017521	addons.xpi	INFO	SystemAddonInstallLocation directory is missing
1457862017523	addons.xpi	INFO	Mapping {972ce4c6-7e08-4474-a285-3208198ce6fd} to C:\Program Files (x86)\Mozilla Firefox\browser\extensions\{972ce4c6-7e08-4474-a285-3208198ce6fd}
1457862017523	addons.xpi	DEBUG	Skipping unavailable install location app-system-share
1457862017523	addons.xpi	DEBUG	Skipping unavailable install location app-system-local
1457862017524	addons.xpi	DEBUG	checkForChanges
1457862017524	addons.xpi	DEBUG	Loaded add-on state from prefs: {"app-profile":{"fxdriver@googlecode.com":{"d":"C:\\Users\\Trang\\AppData\\Local\\Temp\\anonymous521753653348361007webdriver-profile\\extensions\\fxdriver@googlecode.com","e":false,"v":"2.40.0","st":1457862011777,"mt":1457862011448}},"app-global":{"{972ce4c6-7e08-4474-a285-3208198ce6fd}":{"d":"C:\\Program Files (x86)\\Mozilla Firefox\\browser\\extensions\\{972ce4c6-7e08-4474-a285-3208198ce6fd}","e":true,"v":"44.0.2","st":1456875582667,"mt":1456875582542}}}
1457862017525	addons.xpi	DEBUG	Existing add-on fxdriver@googlecode.com in app-profile
1457862017526	addons.xpi	DEBUG	getModTime: Recursive scan of {972ce4c6-7e08-4474-a285-3208198ce6fd}
1457862017527	addons.xpi	DEBUG	Existing add-on {972ce4c6-7e08-4474-a285-3208198ce6fd} in app-global
1457862017527	addons.xpi	DEBUG	getInstallState changed: false, state: {"app-profile":{"fxdriver@googlecode.com":{"d":"C:\\Users\\Trang\\AppData\\Local\\Temp\\anonymous521753653348361007webdriver-profile\\extensions\\fxdriver@googlecode.com","e":false,"v":"2.40.0","st":1457862011777,"mt":1457862011448}},"app-global":{"{972ce4c6-7e08-4474-a285-3208198ce6fd}":{"d":"C:\\Program Files (x86)\\Mozilla Firefox\\browser\\extensions\\{972ce4c6-7e08-4474-a285-3208198ce6fd}","e":true,"v":"44.0.2","st":1456875582667,"mt":1456875582542}}}
1457862017528	addons.xpi	DEBUG	No changes found
1457862017536	addons.manager	DEBUG	Registering shutdown blocker for XPIProvider
1457862017537	addons.manager	DEBUG	Provider finished startup: XPIProvider
1457862017537	addons.manager	DEBUG	Starting provider: LightweightThemeManager
1457862017537	addons.manager	DEBUG	Registering shutdown blocker for LightweightThemeManager
1457862017537	addons.manager	DEBUG	Provider finished startup: LightweightThemeManager
1457862017538	addons.manager	DEBUG	Starting provider: GMPProvider
1457862017543	addons.manager	DEBUG	Registering shutdown blocker for GMPProvider
1457862017543	addons.manager	DEBUG	Provider finished startup: GMPProvider
1457862017543	addons.manager	DEBUG	Starting provider: PluginProvider
1457862017543	addons.manager	DEBUG	Registering shutdown blocker for PluginProvider
1457862017544	addons.manager	DEBUG	Provider finished startup: PluginProvider
1457862017544	addons.manager	DEBUG	Completed startup sequence
1457862017625	addons.xpi-utils	DEBUG	Starting async load of XPI database C:\Users\Trang\AppData\Local\Temp\anonymous521753653348361007webdriver-profile\extensions.json
*** Blocklist::_loadBlocklistFromFile: blocklist is disabled
1457862017780	addons.manager	DEBUG	Starting provider: <unnamed-provider>
1457862017780	addons.manager	DEBUG	Registering shutdown blocker for <unnamed-provider>
1457862017781	addons.manager	DEBUG	Provider finished startup: <unnamed-provider>
1457862017865	addons.xpi-utils	DEBUG	Async JSON file read took 0 MS
1457862017865	addons.xpi-utils	DEBUG	Finished async read of XPI database, parsing...
1457862017867	addons.xpi-utils	DEBUG	Successfully read XPI database
1457862017941	addons.manager	DEBUG	Starting provider: PreviousExperimentProvider
1457862017941	addons.manager	DEBUG	Registering shutdown blocker for PreviousExperimentProvider
1457862017941	addons.manager	DEBUG	Provider finished startup: PreviousExperimentProvider

Build info: version: '2.40.0', revision: 'fbe29a9', time: '2014-02-19 20:55:11'
System info: host: 'TrangPC', ip: '192.168.1.29', os.name: 'Windows 8.1', os.arch: 'amd64', os.version: '6.3', java.version: '1.8.0_51'
Driver info: driver.version: FirefoxDriver
	at org.openqa.selenium.firefox.internal.NewProfileExtensionConnection.start(NewProfileExtensionConnection.java:130)
	at org.openqa.selenium.firefox.FirefoxDriver.startClient(FirefoxDriver.java:247)
	at org.openqa.selenium.remote.RemoteWebDriver.<init>(RemoteWebDriver.java:112)
	at org.openqa.selenium.firefox.FirefoxDriver.<init>(FirefoxDriver.java:194)
	at org.openqa.selenium.firefox.FirefoxDriver.<init>(FirefoxDriver.java:187)
	at org.openqa.selenium.firefox.FirefoxDriver.<init>(FirefoxDriver.java:183)
	at TestScript04.setUp(TestScript04.java:30)
	at sun.reflect.NativeMethodAccessorImpl.invoke0(Native Method)
	at sun.reflect.NativeMethodAccessorImpl.invoke(Unknown Source)
	at sun.reflect.DelegatingMethodAccessorImpl.invoke(Unknown Source)
	at java.lang.reflect.Method.invoke(Unknown Source)
	at org.testng.internal.MethodInvocationHelper.invokeMethod(MethodInvocationHelper.java:86)
	at org.testng.internal.Invoker.invokeConfigurationMethod(Invoker.java:514)
	at org.testng.internal.Invoker.invokeConfigurations(Invoker.java:215)
	at org.testng.internal.Invoker.invokeMethod(Invoker.java:589)
	at org.testng.internal.Invoker.invokeTestMethod(Invoker.java:822)
	at org.testng.internal.Invoker.invokeTestMethods(Invoker.java:1130)
	at org.testng.internal.TestMethodWorker.invokeTestMethods(TestMethodWorker.java:129)
	at org.testng.internal.TestMethodWorker.run(TestMethodWorker.java:112)
	at org.testng.TestRunner.privateRun(TestRunner.java:782)
	at org.testng.TestRunner.run(TestRunner.java:632)
	at org.testng.SuiteRunner.runTest(SuiteRunner.java:366)
	at org.testng.SuiteRunner.runSequentially(SuiteRunner.java:361)
	at org.testng.SuiteRunner.privateRun(SuiteRunner.java:319)
	at org.testng.SuiteRunner.run(SuiteRunner.java:268)
	at org.testng.SuiteRunnerWorker.runSuite(SuiteRunnerWorker.java:52)
	at org.testng.SuiteRunnerWorker.run(SuiteRunnerWorker.java:86)
	at org.testng.TestNG.runSuitesSequentially(TestNG.java:1244)
	at org.testng.TestNG.runSuitesLocally(TestNG.java:1169)
	at org.testng.TestNG.run(TestNG.java:1064)
	at org.testng.remote.RemoteTestNG.run(RemoteTestNG.java:113)
	at org.testng.remote.RemoteTestNG.initAndRun(RemoteTestNG.java:206)
	at org.testng.remote.RemoteTestNG.main(RemoteTestNG.java:177)
Caused by: org.openqa.selenium.firefox.NotConnectedException: Unable to connect to host 127.0.0.1 on port 7055 after 45000 ms. Firefox console output:
de.com to C:\Users\Trang\AppData\Local\Temp\anonymous521753653348361007webdriver-profile\extensions\fxdriver@googlecode.com
1457862017521	addons.xpi	DEBUG	Ignoring file entry whose name is not a valid add-on ID: C:\Users\Trang\AppData\Local\Temp\anonymous521753653348361007webdriver-profile\extensions\webdriver-staging
1457862017521	addons.xpi	INFO	SystemAddonInstallLocation directory is missing
1457862017523	addons.xpi	INFO	Mapping {972ce4c6-7e08-4474-a285-3208198ce6fd} to C:\Program Files (x86)\Mozilla Firefox\browser\extensions\{972ce4c6-7e08-4474-a285-3208198ce6fd}
1457862017523	addons.xpi	DEBUG	Skipping unavailable install location app-system-share
1457862017523	addons.xpi	DEBUG	Skipping unavailable install location app-system-local
1457862017524	addons.xpi	DEBUG	checkForChanges
1457862017524	addons.xpi	DEBUG	Loaded add-on state from prefs: {"app-profile":{"fxdriver@googlecode.com":{"d":"C:\\Users\\Trang\\AppData\\Local\\Temp\\anonymous521753653348361007webdriver-profile\\extensions\\fxdriver@googlecode.com","e":false,"v":"2.40.0","st":1457862011777,"mt":1457862011448}},"app-global":{"{972ce4c6-7e08-4474-a285-3208198ce6fd}":{"d":"C:\\Program Files (x86)\\Mozilla Firefox\\browser\\extensions\\{972ce4c6-7e08-4474-a285-3208198ce6fd}","e":true,"v":"44.0.2","st":1456875582667,"mt":1456875582542}}}
1457862017525	addons.xpi	DEBUG	Existing add-on fxdriver@googlecode.com in app-profile
1457862017526	addons.xpi	DEBUG	getModTime: Recursive scan of {972ce4c6-7e08-4474-a285-3208198ce6fd}
1457862017527	addons.xpi	DEBUG	Existing add-on {972ce4c6-7e08-4474-a285-3208198ce6fd} in app-global
1457862017527	addons.xpi	DEBUG	getInstallState changed: false, state: {"app-profile":{"fxdriver@googlecode.com":{"d":"C:\\Users\\Trang\\AppData\\Local\\Temp\\anonymous521753653348361007webdriver-profile\\extensions\\fxdriver@googlecode.com","e":false,"v":"2.40.0","st":1457862011777,"mt":1457862011448}},"app-global":{"{972ce4c6-7e08-4474-a285-3208198ce6fd}":{"d":"C:\\Program Files (x86)\\Mozilla Firefox\\browser\\extensions\\{972ce4c6-7e08-4474-a285-3208198ce6fd}","e":true,"v":"44.0.2","st":1456875582667,"mt":1456875582542}}}
1457862017528	addons.xpi	DEBUG	No changes found
1457862017536	addons.manager	DEBUG	Registering shutdown blocker for XPIProvider
1457862017537	addons.manager	DEBUG	Provider finished startup: XPIProvider
1457862017537	addons.manager	DEBUG	Starting provider: LightweightThemeManager
1457862017537	addons.manager	DEBUG	Registering shutdown blocker for LightweightThemeManager
1457862017537	addons.manager	DEBUG	Provider finished startup: LightweightThemeManager
1457862017538	addons.manager	DEBUG	Starting provider: GMPProvider
1457862017543	addons.manager	DEBUG	Registering shutdown blocker for GMPProvider
1457862017543	addons.manager	DEBUG	Provider finished startup: GMPProvider
1457862017543	addons.manager	DEBUG	Starting provider: PluginProvider
1457862017543	addons.manager	DEBUG	Registering shutdown blocker for PluginProvider
1457862017544	addons.manager	DEBUG	Provider finished startup: PluginProvider
1457862017544	addons.manager	DEBUG	Completed startup sequence
1457862017625	addons.xpi-utils	DEBUG	Starting async load of XPI database C:\Users\Trang\AppData\Local\Temp\anonymous521753653348361007webdriver-profile\extensions.json
*** Blocklist::_loadBlocklistFromFile: blocklist is disabled
1457862017780	addons.manager	DEBUG	Starting provider: <unnamed-provider>
1457862017780	addons.manager	DEBUG	Registering shutdown blocker for <unnamed-provider>
1457862017781	addons.manager	DEBUG	Provider finished startup: <unnamed-provider>
1457862017865	addons.xpi-utils	DEBUG	Async JSON file read took 0 MS
1457862017865	addons.xpi-utils	DEBUG	Finished async read of XPI database, parsing...
1457862017867	addons.xpi-utils	DEBUG	Successfully read XPI database
1457862017941	addons.manager	DEBUG	Starting provider: PreviousExperimentProvider
1457862017941	addons.manager	DEBUG	Registering shutdown blocker for PreviousExperimentProvider
1457862017941	addons.manager	DEBUG	Provider finished startup: PreviousExperimentProvider

	at org.openqa.selenium.firefox.internal.NewProfileExtensionConnection.start(NewProfileExtensionConnection.java:118)
	... 32 more
]]>
            </full-stacktrace>
          </exception> <!-- org.openqa.selenium.WebDriverException -->
          <reporter-output>
          </reporter-output>
        </test-method> <!-- setUp -->
        <test-method status="SKIP" signature="tearDown()[pri:0, instance:TestScript04@7dc36524]" name="tearDown" is-config="true" duration-ms="0" started-at="2016-03-13T16:41:03Z" finished-at="2016-03-13T16:41:03Z">
          <reporter-output>
          </reporter-output>
        </test-method> <!-- tearDown -->
        <test-method status="SKIP" signature="setUp()[pri:0, instance:TestScript04@7dc36524]" name="setUp" is-config="true" duration-ms="0" started-at="2016-03-13T16:41:03Z" finished-at="2016-03-13T16:41:03Z">
          <reporter-output>
          </reporter-output>
        </test-method> <!-- setUp -->
        <test-method status="SKIP" signature="testCase04(java.lang.String, java.lang.String)[pri:0, instance:TestScript04@7dc36524]" name="testCase04" duration-ms="16" started-at="2016-03-13T16:41:03Z" data-provider="ExcelDataProvider" finished-at="2016-03-13T16:41:03Z">
          <params>
            <param index="0">
              <value>
                <![CDATA[invalid]]>
              </value>
            </param>
            <param index="1">
              <value>
                <![CDATA[valid]]>
              </value>
            </param>
          </params>
          <reporter-output>
          </reporter-output>
        </test-method> <!-- testCase04 -->
        <test-method status="SKIP" signature="testCase04(java.lang.String, java.lang.String)[pri:0, instance:TestScript04@7dc36524]" name="testCase04" duration-ms="0" started-at="2016-03-13T16:41:03Z" data-provider="ExcelDataProvider" finished-at="2016-03-13T16:41:03Z">
          <params>
            <param index="0">
              <value>
                <![CDATA[mngr1336]]>
              </value>
            </param>
            <param index="1">
              <value>
                <![CDATA[dAnavUq]]>
              </value>
            </param>
          </params>
          <reporter-output>
          </reporter-output>
        </test-method> <!-- testCase04 -->
        <test-method status="SKIP" signature="testCase04(java.lang.String, java.lang.String)[pri:0, instance:TestScript04@7dc36524]" name="testCase04" duration-ms="0" started-at="2016-03-13T16:41:03Z" data-provider="ExcelDataProvider" finished-at="2016-03-13T16:41:03Z">
          <params>
            <param index="0">
              <value>
                <![CDATA[invalid]]>
              </value>
            </param>
            <param index="1">
              <value>
                <![CDATA[invalid]]>
              </value>
            </param>
          </params>
          <reporter-output>
          </reporter-output>
        </test-method> <!-- testCase04 -->
        <test-method status="SKIP" signature="tearDown()[pri:0, instance:TestScript04@7dc36524]" name="tearDown" is-config="true" duration-ms="0" started-at="2016-03-13T16:41:03Z" finished-at="2016-03-13T16:41:03Z">
          <reporter-output>
          </reporter-output>
        </test-method> <!-- tearDown -->
        <test-method status="SKIP" signature="setUp()[pri:0, instance:TestScript04@7dc36524]" name="setUp" is-config="true" duration-ms="0" started-at="2016-03-13T16:41:03Z" finished-at="2016-03-13T16:41:03Z">
          <reporter-output>
          </reporter-output>
        </test-method> <!-- setUp -->
        <test-method status="SKIP" signature="tearDown()[pri:0, instance:TestScript04@7dc36524]" name="tearDown" is-config="true" duration-ms="0" started-at="2016-03-13T16:41:03Z" finished-at="2016-03-13T16:41:03Z">
          <reporter-output>
          </reporter-output>
        </test-method> <!-- tearDown -->
        <test-method status="SKIP" signature="tearDown()[pri:0, instance:TestScript04@7dc36524]" name="tearDown" is-config="true" duration-ms="0" started-at="2016-03-13T16:41:03Z" finished-at="2016-03-13T16:41:03Z">
          <reporter-output>
          </reporter-output>
        </test-method> <!-- tearDown -->
        <test-method status="SKIP" signature="testCase04(java.lang.String, java.lang.String)[pri:0, instance:TestScript04@7dc36524]" name="testCase04" duration-ms="0" started-at="2016-03-13T16:41:03Z" data-provider="ExcelDataProvider" finished-at="2016-03-13T16:41:03Z">
          <params>
            <param index="0">
              <value>
                <![CDATA[valid]]>
              </value>
            </param>
            <param index="1">
              <value>
                <![CDATA[invalid]]>
              </value>
            </param>
          </params>
          <reporter-output>
          </reporter-output>
        </test-method> <!-- testCase04 -->
        <test-method status="SKIP" signature="setUp()[pri:0, instance:TestScript04@7dc36524]" name="setUp" is-config="true" duration-ms="0" started-at="2016-03-13T16:41:03Z" finished-at="2016-03-13T16:41:03Z">
          <reporter-output>
          </reporter-output>
        </test-method> <!-- setUp -->
      </class> <!-- TestScript04 -->
    </test> <!-- Default test -->
  </suite> <!-- Default suite -->
</testng-results>
